29.7.2024, 11:23:08 - INFO - server.js loaded... 
29.7.2024, 11:23:08 - INFO - Server is running on port: 3030 
5.8.2024, 17:25:02 - INFO - server.js loaded... 
5.8.2024, 17:25:02 - INFO - Server is running on port: 3030 
5.8.2024, 18:45:52 - INFO - server.js loaded... 
5.8.2024, 18:45:52 - INFO - Server is running on port: 3030 
5.8.2024, 19:03:14 - INFO - server.js loaded... 
5.8.2024, 19:03:14 - INFO - Server is running on port: 3030 
5.8.2024, 19:03:26 - INFO - server.js loaded... 
5.8.2024, 19:03:26 - INFO - Server is running on port: 3030 
5.8.2024, 20:55:48 - INFO - server.js loaded... 
5.8.2024, 20:55:48 - INFO - Server is running on port: 3030 
5.8.2024, 20:56:06 - INFO - Req was made | / 
5.8.2024, 20:56:06 - ERROR - cannot find toys | MongoServerError: FieldPath cannot be constructed with empty string 
5.8.2024, 20:56:06 - ERROR - Failed to get toys | MongoServerError: FieldPath cannot be constructed with empty string 
5.8.2024, 20:57:14 - INFO - server.js loaded... 
5.8.2024, 20:57:14 - INFO - Server is running on port: 3030 
5.8.2024, 20:57:18 - INFO - Req was made | / 
5.8.2024, 20:57:18 - ERROR - cannot find toys | MongoServerError: FieldPath cannot be constructed with empty string 
5.8.2024, 20:57:18 - ERROR - Failed to get toys | MongoServerError: FieldPath cannot be constructed with empty string 
5.8.2024, 20:58:28 - INFO - server.js loaded... 
5.8.2024, 20:58:28 - INFO - Server is running on port: 3030 
5.8.2024, 20:58:38 - INFO - server.js loaded... 
5.8.2024, 20:58:38 - INFO - Server is running on port: 3030 
5.8.2024, 20:58:42 - INFO - Req was made | / 
5.8.2024, 20:58:42 - ERROR - Failed to get toys | MongoServerError: FieldPath cannot be constructed with empty string 
5.8.2024, 20:58:42 - ERROR - cannot find toys | MongoServerError: FieldPath cannot be constructed with empty string 
5.8.2024, 20:59:26 - INFO - server.js loaded... 
5.8.2024, 20:59:26 - INFO - Server is running on port: 3030 
5.8.2024, 20:59:30 - INFO - Req was made | / 
5.8.2024, 20:59:30 - ERROR - cannot find toys | MongoServerError: FieldPath cannot be constructed with empty string 
5.8.2024, 20:59:30 - ERROR - Failed to get toys | MongoServerError: FieldPath cannot be constructed with empty string 
5.8.2024, 20:59:53 - INFO - server.js loaded... 
5.8.2024, 20:59:53 - INFO - Server is running on port: 3030 
5.8.2024, 21:01:52 - INFO - server.js loaded... 
5.8.2024, 21:01:52 - INFO - Server is running on port: 3030 
5.8.2024, 21:01:57 - INFO - Req was made | / 
5.8.2024, 21:01:57 - ERROR - cannot find toys | MongoServerError: FieldPath cannot be constructed with empty string 
5.8.2024, 21:01:57 - ERROR - Failed to get toys | MongoServerError: FieldPath cannot be constructed with empty string 
5.8.2024, 21:02:25 - INFO - server.js loaded... 
5.8.2024, 21:02:25 - INFO - Server is running on port: 3030 
5.8.2024, 21:02:36 - INFO - Req was made | / 
5.8.2024, 21:02:36 - ERROR - cannot find toys | MongoServerError: FieldPath cannot be constructed with empty string 
5.8.2024, 21:02:36 - ERROR - Failed to get toys | MongoServerError: FieldPath cannot be constructed with empty string 
5.8.2024, 21:07:04 - INFO - server.js loaded... 
5.8.2024, 21:07:04 - INFO - Server is running on port: 3030 
5.8.2024, 21:07:07 - INFO - Req was made | / 
5.8.2024, 21:07:07 - ERROR - cannot find toys | MongoServerError: FieldPath cannot be constructed with empty string 
5.8.2024, 21:07:07 - ERROR - Failed to get toys | MongoServerError: FieldPath cannot be constructed with empty string 
5.8.2024, 21:07:32 - INFO - server.js loaded... 
5.8.2024, 21:07:32 - INFO - Server is running on port: 3030 
5.8.2024, 21:07:34 - INFO - Req was made | / 
5.8.2024, 21:11:39 - INFO - Req was made | / 
5.8.2024, 21:36:44 - INFO - server.js loaded... 
5.8.2024, 21:36:44 - INFO - Server is running on port: 3030 
5.8.2024, 21:36:50 - INFO - Req was made | / 
5.8.2024, 21:36:50 - ERROR - cannot find toys | MongoServerError: FieldPath cannot be constructed with empty string 
5.8.2024, 21:36:50 - ERROR - Failed to get toys | MongoServerError: FieldPath cannot be constructed with empty string 
5.8.2024, 21:37:42 - INFO - server.js loaded... 
5.8.2024, 21:37:42 - INFO - Server is running on port: 3030 
5.8.2024, 21:37:45 - INFO - Req was made | / 
5.8.2024, 21:40:16 - INFO - server.js loaded... 
5.8.2024, 21:40:16 - INFO - Server is running on port: 3030 
5.8.2024, 21:40:18 - INFO - Req was made | / 
5.8.2024, 21:42:08 - INFO - Server is running on port: 3030 
5.8.2024, 21:42:08 - INFO - server.js loaded... 
5.8.2024, 21:43:50 - INFO - Req was made | / 
5.8.2024, 21:44:38 - INFO - server.js loaded... 
5.8.2024, 21:44:38 - INFO - Server is running on port: 3030 
5.8.2024, 21:44:40 - INFO - Req was made | / 
5.8.2024, 21:46:06 - INFO - Server is running on port: 3030 
5.8.2024, 21:46:06 - INFO - server.js loaded... 
5.8.2024, 21:46:08 - INFO - Req was made | / 
5.8.2024, 21:46:08 - ERROR - Failed to get toys | MongoServerError: FieldPath cannot be constructed with empty string 
5.8.2024, 21:46:08 - ERROR - cannot find toys | MongoServerError: FieldPath cannot be constructed with empty string 
5.8.2024, 21:46:26 - INFO - server.js loaded... 
5.8.2024, 21:46:26 - INFO - Server is running on port: 3030 
5.8.2024, 21:46:29 - INFO - Req was made | / 
5.8.2024, 21:48:00 - INFO - server.js loaded... 
5.8.2024, 21:48:00 - INFO - Server is running on port: 3030 
5.8.2024, 21:48:08 - INFO - server.js loaded... 
5.8.2024, 21:48:08 - INFO - Server is running on port: 3030 
5.8.2024, 21:48:10 - INFO - Req was made | / 
5.8.2024, 21:50:13 - INFO - Req was made | / 
5.8.2024, 21:50:57 - INFO - Server is running on port: 3030 
5.8.2024, 21:50:57 - INFO - server.js loaded... 
5.8.2024, 21:51:00 - INFO - Req was made | / 
5.8.2024, 21:52:18 - INFO - server.js loaded... 
5.8.2024, 21:52:18 - INFO - Server is running on port: 3030 
5.8.2024, 21:53:13 - ERROR - while finding toy labels | BSONError: hex string must be 24 characters 
5.8.2024, 21:53:13 - ERROR - Failed to get toy | BSONError: hex string must be 24 characters 
5.8.2024, 21:53:13 - INFO - Req was made | / 
5.8.2024, 21:53:13 - INFO - Req was made | / 
5.8.2024, 22:21:58 - ERROR - while finding toy labels | BSONError: hex string must be 24 characters 
5.8.2024, 22:21:58 - ERROR - Failed to get toy | BSONError: hex string must be 24 characters 
5.8.2024, 22:21:58 - INFO - Req was made | / 
5.8.2024, 22:21:58 - INFO - Req was made | / 
5.8.2024, 22:22:27 - ERROR - while finding toy labels | BSONError: hex string must be 24 characters 
5.8.2024, 22:22:27 - ERROR - Failed to get toy | BSONError: hex string must be 24 characters 
5.8.2024, 22:22:27 - INFO - Req was made | / 
5.8.2024, 22:22:27 - INFO - Req was made | / 
5.8.2024, 22:22:42 - ERROR - while finding toy labels | BSONError: hex string must be 24 characters 
5.8.2024, 22:22:42 - ERROR - Failed to get toy | BSONError: hex string must be 24 characters 
5.8.2024, 22:22:42 - INFO - Req was made | / 
5.8.2024, 22:22:42 - INFO - Req was made | / 
5.8.2024, 22:24:24 - ERROR - while finding toy labels | BSONError: hex string must be 24 characters 
5.8.2024, 22:24:24 - ERROR - Failed to get toy | BSONError: hex string must be 24 characters 
5.8.2024, 22:24:24 - INFO - Req was made | / 
5.8.2024, 22:24:24 - INFO - Req was made | / 
5.8.2024, 22:24:39 - ERROR - Failed to get toy | BSONError: hex string must be 24 characters 
5.8.2024, 22:24:39 - ERROR - while finding toy labels | BSONError: hex string must be 24 characters 
5.8.2024, 22:24:39 - INFO - Req was made | / 
5.8.2024, 22:24:39 - INFO - Req was made | / 
5.8.2024, 22:32:18 - INFO - server.js loaded... 
5.8.2024, 22:32:18 - INFO - Server is running on port: 3030 
5.8.2024, 22:32:43 - INFO - server.js loaded... 
5.8.2024, 22:32:43 - INFO - Server is running on port: 3030 
5.8.2024, 22:34:32 - INFO - server.js loaded... 
5.8.2024, 22:34:32 - INFO - Server is running on port: 3030 
5.8.2024, 22:34:59 - INFO - server.js loaded... 
5.8.2024, 22:34:59 - INFO - Server is running on port: 3030 
5.8.2024, 22:35:38 - INFO - server.js loaded... 
5.8.2024, 22:35:38 - INFO - Server is running on port: 3030 
5.8.2024, 22:35:41 - ERROR - Cannot get labels | ReferenceError: toys is not defined 
5.8.2024, 22:35:41 - INFO - Req was made | / 
5.8.2024, 22:35:41 - INFO - Req was made | / 
5.8.2024, 22:35:46 - ERROR - Cannot get labels | ReferenceError: toys is not defined 
5.8.2024, 22:35:46 - INFO - Req was made | / 
5.8.2024, 22:35:46 - INFO - Req was made | / 
5.8.2024, 22:36:55 - INFO - server.js loaded... 
5.8.2024, 22:36:55 - INFO - Server is running on port: 3030 
5.8.2024, 22:36:57 - INFO - Req was made | /labels 
5.8.2024, 22:36:57 - ERROR - Cannot get labels | ReferenceError: toys is not defined 
5.8.2024, 22:36:57 - INFO - Req was made | / 
5.8.2024, 22:36:57 - INFO - Req was made | / 
5.8.2024, 22:39:07 - INFO - Req was made | /labels 
5.8.2024, 22:39:07 - ERROR - Cannot get labels | ReferenceError: toys is not defined 
5.8.2024, 22:39:07 - INFO - Req was made | / 
5.8.2024, 22:39:07 - INFO - Req was made | / 
5.8.2024, 22:42:13 - INFO - server.js loaded... 
5.8.2024, 22:42:13 - INFO - Server is running on port: 3030 
5.8.2024, 22:42:20 - INFO - Req was made | /labels 
5.8.2024, 22:42:20 - ERROR - cannot get labels | ReferenceError: toys is not defined 
5.8.2024, 22:42:20 - ERROR - Cannot get labels | ReferenceError: toys is not defined 
5.8.2024, 22:42:20 - INFO - Req was made | / 
5.8.2024, 22:42:20 - INFO - Req was made | / 
5.8.2024, 22:42:42 - INFO - server.js loaded... 
5.8.2024, 22:42:42 - INFO - Server is running on port: 3030 
5.8.2024, 22:42:46 - INFO - Req was made | /labels 
5.8.2024, 22:42:47 - ERROR - cannot get labels | TypeError: collection.reduce is not a function 
5.8.2024, 22:42:47 - ERROR - Cannot get labels | TypeError: collection.reduce is not a function 
5.8.2024, 22:42:47 - INFO - Req was made | / 
5.8.2024, 22:42:47 - INFO - Req was made | / 
5.8.2024, 22:43:59 - INFO - server.js loaded... 
5.8.2024, 22:43:59 - INFO - Server is running on port: 3030 
5.8.2024, 22:44:01 - INFO - Req was made | /labels 
5.8.2024, 22:44:01 - ERROR - cannot get labels | TypeError: collection.toArray is not a function 
5.8.2024, 22:44:01 - ERROR - Cannot get labels | TypeError: collection.toArray is not a function 
5.8.2024, 22:44:01 - INFO - Req was made | / 
5.8.2024, 22:44:02 - INFO - Req was made | / 
5.8.2024, 22:44:45 - INFO - server.js loaded... 
5.8.2024, 22:44:45 - INFO - Server is running on port: 3030 
5.8.2024, 22:44:49 - INFO - Req was made | /labels 
5.8.2024, 22:44:49 - ERROR - cannot get labels | TypeError: collection.find(...).toArray(...).reduce is not a function 
5.8.2024, 22:44:49 - ERROR - Cannot get labels | TypeError: collection.find(...).toArray(...).reduce is not a function 
5.8.2024, 22:44:49 - INFO - Req was made | / 
5.8.2024, 22:44:49 - INFO - Req was made | / 
5.8.2024, 22:46:17 - INFO - server.js loaded... 
5.8.2024, 22:46:17 - INFO - Server is running on port: 3030 
5.8.2024, 22:46:56 - INFO - server.js loaded... 
5.8.2024, 22:46:56 - INFO - Server is running on port: 3030 
5.8.2024, 22:46:59 - INFO - Req was made | /labels 
5.8.2024, 22:46:59 - ERROR - cannot get labels | TypeError: collection.toArray is not a function 
5.8.2024, 22:46:59 - ERROR - Cannot get labels | TypeError: collection.toArray is not a function 
5.8.2024, 22:46:59 - INFO - Req was made | / 
5.8.2024, 22:46:59 - INFO - Req was made | / 
5.8.2024, 22:47:30 - INFO - server.js loaded... 
5.8.2024, 22:47:30 - INFO - Server is running on port: 3030 
5.8.2024, 22:47:39 - INFO - Req was made | /labels 
5.8.2024, 22:47:39 - INFO - Req was made | / 
5.8.2024, 22:47:39 - INFO - Req was made | / 
5.8.2024, 22:53:49 - INFO - server.js loaded... 
5.8.2024, 22:53:49 - INFO - Server is running on port: 3030 
5.8.2024, 22:54:00 - INFO - Req was made | /labels 
5.8.2024, 22:54:00 - INFO - Req was made | / 
5.8.2024, 22:54:00 - INFO - Req was made | / 
5.8.2024, 22:55:44 - INFO - Req was made | / 
5.8.2024, 22:55:46 - INFO - Req was made | / 
5.8.2024, 22:55:48 - INFO - Req was made | / 
5.8.2024, 22:55:51 - INFO - Req was made | / 
5.8.2024, 22:55:51 - ERROR - cannot find toys | TypeError: Assignment to constant variable. 
5.8.2024, 22:55:51 - ERROR - Failed to get toys | TypeError: Assignment to constant variable. 
5.8.2024, 22:55:54 - ERROR - cannot find toys | TypeError: Assignment to constant variable. 
5.8.2024, 22:55:54 - INFO - Req was made | / 
5.8.2024, 22:55:54 - ERROR - Failed to get toys | TypeError: Assignment to constant variable. 
5.8.2024, 22:55:56 - INFO - Req was made | / 
5.8.2024, 22:55:56 - ERROR - cannot find toys | TypeError: Assignment to constant variable. 
5.8.2024, 22:55:56 - ERROR - Failed to get toys | TypeError: Assignment to constant variable. 
5.8.2024, 22:55:58 - INFO - Req was made | / 
5.8.2024, 22:55:58 - ERROR - cannot find toys | TypeError: Assignment to constant variable. 
5.8.2024, 22:55:58 - ERROR - Failed to get toys | TypeError: Assignment to constant variable. 
5.8.2024, 22:55:59 - INFO - Req was made | / 
5.8.2024, 22:55:59 - ERROR - cannot find toys | TypeError: Assignment to constant variable. 
5.8.2024, 22:55:59 - ERROR - Failed to get toys | TypeError: Assignment to constant variable. 
5.8.2024, 22:55:59 - INFO - Req was made | / 
5.8.2024, 22:55:59 - ERROR - cannot find toys | TypeError: Assignment to constant variable. 
5.8.2024, 22:55:59 - ERROR - Failed to get toys | TypeError: Assignment to constant variable. 
5.8.2024, 22:56:00 - INFO - Req was made | / 
5.8.2024, 22:56:00 - ERROR - Failed to get toys | TypeError: Assignment to constant variable. 
5.8.2024, 22:56:00 - ERROR - cannot find toys | TypeError: Assignment to constant variable. 
5.8.2024, 22:56:08 - ERROR - cannot find toys | TypeError: Assignment to constant variable. 
5.8.2024, 22:56:08 - INFO - Req was made | / 
5.8.2024, 22:56:08 - ERROR - Failed to get toys | TypeError: Assignment to constant variable. 
5.8.2024, 22:56:10 - INFO - Req was made | / 
5.8.2024, 22:56:10 - ERROR - cannot find toys | TypeError: Assignment to constant variable. 
5.8.2024, 22:56:10 - ERROR - Failed to get toys | TypeError: Assignment to constant variable. 
5.8.2024, 22:56:11 - INFO - Req was made | / 
5.8.2024, 22:56:11 - ERROR - cannot find toys | TypeError: Assignment to constant variable. 
5.8.2024, 22:56:11 - ERROR - Failed to get toys | TypeError: Assignment to constant variable. 
5.8.2024, 22:56:13 - INFO - Req was made | / 
5.8.2024, 22:56:13 - ERROR - cannot find toys | TypeError: Assignment to constant variable. 
5.8.2024, 22:56:13 - ERROR - Failed to get toys | TypeError: Assignment to constant variable. 
5.8.2024, 22:56:15 - INFO - Req was made | / 
5.8.2024, 22:56:15 - ERROR - cannot find toys | TypeError: Assignment to constant variable. 
5.8.2024, 22:56:15 - ERROR - Failed to get toys | TypeError: Assignment to constant variable. 
5.8.2024, 22:56:16 - INFO - Req was made | / 
5.8.2024, 22:56:16 - ERROR - cannot find toys | TypeError: Assignment to constant variable. 
5.8.2024, 22:56:16 - ERROR - Failed to get toys | TypeError: Assignment to constant variable. 
5.8.2024, 22:56:40 - INFO - Req was made | /labels 
5.8.2024, 22:56:40 - INFO - Req was made | / 
5.8.2024, 22:56:40 - ERROR - cannot find toys | TypeError: Assignment to constant variable. 
5.8.2024, 22:56:40 - ERROR - Failed to get toys | TypeError: Assignment to constant variable. 
5.8.2024, 22:56:40 - INFO - Req was made | / 
5.8.2024, 22:56:40 - ERROR - Failed to get toys | TypeError: Assignment to constant variable. 
5.8.2024, 22:56:40 - ERROR - cannot find toys | TypeError: Assignment to constant variable. 
5.8.2024, 22:57:48 - INFO - Req was made | / 
5.8.2024, 22:57:48 - ERROR - cannot find toys | TypeError: Assignment to constant variable. 
5.8.2024, 22:57:48 - ERROR - Failed to get toys | TypeError: Assignment to constant variable. 
5.8.2024, 22:57:51 - INFO - Req was made | /labels 
5.8.2024, 22:57:51 - INFO - Req was made | / 
5.8.2024, 22:57:51 - ERROR - cannot find toys | TypeError: Assignment to constant variable. 
5.8.2024, 22:57:51 - ERROR - Failed to get toys | TypeError: Assignment to constant variable. 
5.8.2024, 22:57:51 - INFO - Req was made | / 
5.8.2024, 22:57:51 - ERROR - cannot find toys | TypeError: Assignment to constant variable. 
5.8.2024, 22:57:51 - ERROR - Failed to get toys | TypeError: Assignment to constant variable. 
5.8.2024, 22:58:16 - INFO - Req was made | /labels 
5.8.2024, 22:58:16 - INFO - Req was made | / 
5.8.2024, 22:58:16 - ERROR - cannot find toys | TypeError: Assignment to constant variable. 
5.8.2024, 22:58:16 - ERROR - Failed to get toys | TypeError: Assignment to constant variable. 
5.8.2024, 22:58:16 - INFO - Req was made | / 
5.8.2024, 22:58:16 - ERROR - cannot find toys | TypeError: Assignment to constant variable. 
5.8.2024, 22:58:16 - ERROR - Failed to get toys | TypeError: Assignment to constant variable. 
5.8.2024, 22:59:24 - INFO - Req was made | /labels 
5.8.2024, 22:59:24 - INFO - Req was made | / 
5.8.2024, 22:59:24 - ERROR - cannot find toys | TypeError: Assignment to constant variable. 
5.8.2024, 22:59:24 - ERROR - Failed to get toys | TypeError: Assignment to constant variable. 
5.8.2024, 22:59:24 - INFO - Req was made | / 
5.8.2024, 22:59:24 - ERROR - cannot find toys | TypeError: Assignment to constant variable. 
5.8.2024, 22:59:24 - ERROR - Failed to get toys | TypeError: Assignment to constant variable. 
5.8.2024, 22:59:29 - INFO - Req was made | /labels 
5.8.2024, 22:59:29 - INFO - Req was made | / 
5.8.2024, 22:59:29 - ERROR - cannot find toys | TypeError: Assignment to constant variable. 
5.8.2024, 22:59:29 - ERROR - Failed to get toys | TypeError: Assignment to constant variable. 
5.8.2024, 22:59:29 - INFO - Req was made | / 
5.8.2024, 22:59:29 - ERROR - cannot find toys | TypeError: Assignment to constant variable. 
5.8.2024, 22:59:29 - ERROR - Failed to get toys | TypeError: Assignment to constant variable. 
5.8.2024, 22:59:44 - INFO - Req was made | / 
5.8.2024, 22:59:55 - INFO - Req was made | / 
5.8.2024, 22:59:55 - ERROR - cannot find toys | TypeError: Assignment to constant variable. 
5.8.2024, 22:59:55 - ERROR - Failed to get toys | TypeError: Assignment to constant variable. 
5.8.2024, 23:02:13 - INFO - server.js loaded... 
5.8.2024, 23:02:13 - INFO - Server is running on port: 3030 
5.8.2024, 23:02:20 - INFO - Req was made | /labels 
5.8.2024, 23:02:20 - INFO - Req was made | / 
5.8.2024, 23:02:20 - ERROR - cannot find toys | TypeError: Assignment to constant variable. 
5.8.2024, 23:02:20 - ERROR - Failed to get toys | TypeError: Assignment to constant variable. 
5.8.2024, 23:02:20 - INFO - Req was made | / 
5.8.2024, 23:02:20 - ERROR - cannot find toys | TypeError: Assignment to constant variable. 
5.8.2024, 23:02:20 - ERROR - Failed to get toys | TypeError: Assignment to constant variable. 
5.8.2024, 23:02:23 - INFO - Req was made | / 
5.8.2024, 23:02:32 - INFO - server.js loaded... 
5.8.2024, 23:02:32 - INFO - Server is running on port: 3030 
5.8.2024, 23:03:09 - INFO - server.js loaded... 
5.8.2024, 23:03:09 - INFO - Server is running on port: 3030 
5.8.2024, 23:05:53 - INFO - Req was made | /labels 
5.8.2024, 23:05:53 - INFO - Req was made | / 
5.8.2024, 23:05:53 - INFO - Req was made | / 
5.8.2024, 23:07:32 - INFO - server.js loaded... 
5.8.2024, 23:07:32 - INFO - Server is running on port: 3030 
5.8.2024, 23:07:42 - INFO - Req was made | /labels 
5.8.2024, 23:07:42 - INFO - Req was made | / 
5.8.2024, 23:07:42 - INFO - Req was made | / 
5.8.2024, 23:08:38 - INFO - server.js loaded... 
5.8.2024, 23:08:38 - INFO - Server is running on port: 3030 
5.8.2024, 23:08:42 - INFO - Req was made | /labels 
5.8.2024, 23:08:42 - INFO - Req was made | / 
5.8.2024, 23:08:42 - INFO - Req was made | / 
5.8.2024, 23:08:52 - INFO - Req was made | / 
5.8.2024, 23:08:52 - ERROR - cannot find toys | TypeError: Assignment to constant variable. 
5.8.2024, 23:08:52 - ERROR - Failed to get toys | TypeError: Assignment to constant variable. 
5.8.2024, 23:10:50 - INFO - server.js loaded... 
5.8.2024, 23:10:50 - INFO - Server is running on port: 3030 
5.8.2024, 23:10:53 - INFO - Req was made | /labels 
5.8.2024, 23:10:53 - INFO - Req was made | / 
5.8.2024, 23:10:54 - INFO - Req was made | / 
5.8.2024, 23:10:57 - INFO - Req was made | / 
5.8.2024, 23:10:59 - INFO - Req was made | / 
5.8.2024, 23:11:01 - INFO - Req was made | / 
5.8.2024, 23:11:56 - INFO - Req was made | / 
5.8.2024, 23:12:00 - INFO - Req was made | / 
5.8.2024, 23:12:02 - INFO - Req was made | / 
5.8.2024, 23:12:04 - INFO - Req was made | / 
5.8.2024, 23:12:04 - INFO - Req was made | / 
5.8.2024, 23:12:06 - INFO - Req was made | / 
5.8.2024, 23:12:06 - INFO - Req was made | / 
5.8.2024, 23:12:07 - INFO - Req was made | / 
5.8.2024, 23:12:10 - INFO - Req was made | / 
5.8.2024, 23:12:16 - INFO - Req was made | / 
5.8.2024, 23:12:20 - INFO - Req was made | / 
5.8.2024, 23:12:22 - INFO - Req was made | / 
5.8.2024, 23:12:29 - INFO - Req was made | / 
5.8.2024, 23:12:31 - INFO - Req was made | / 
5.8.2024, 23:12:40 - INFO - Req was made | / 
5.8.2024, 23:12:55 - INFO - Req was made | / 
5.8.2024, 23:12:58 - INFO - Req was made | / 
5.8.2024, 23:13:00 - INFO - Req was made | / 
5.8.2024, 23:14:14 - INFO - server.js loaded... 
5.8.2024, 23:14:14 - INFO - Server is running on port: 3030 
5.8.2024, 23:14:20 - INFO - Req was made | /labels 
5.8.2024, 23:14:20 - INFO - Req was made | / 
5.8.2024, 23:14:20 - INFO - Req was made | / 
5.8.2024, 23:14:24 - INFO - Req was made | /labels 
5.8.2024, 23:14:24 - INFO - Req was made | / 
5.8.2024, 23:14:24 - INFO - Req was made | / 
5.8.2024, 23:14:27 - INFO - Req was made | /labels 
5.8.2024, 23:14:27 - INFO - Req was made | / 
5.8.2024, 23:14:27 - INFO - Req was made | / 
5.8.2024, 23:16:25 - INFO - Req was made | /labels 
5.8.2024, 23:16:25 - INFO - Req was made | / 
5.8.2024, 23:16:25 - INFO - Req was made | / 
5.8.2024, 23:16:28 - INFO - Req was made | / 
5.8.2024, 23:16:30 - INFO - Req was made | / 
5.8.2024, 23:16:33 - INFO - Req was made | / 
5.8.2024, 23:16:51 - INFO - Req was made | /labels 
5.8.2024, 23:16:51 - INFO - Req was made | / 
5.8.2024, 23:16:51 - INFO - Req was made | / 
